#
# There is insufficient memory for the Java Runtime Environment to continue.
# Native memory allocation (malloc) failed to allocate 812256 bytes for Chunk::new
# Possible reasons:
#   The system is out of physical RAM or swap space
#   In 32 bit mode, the process size limit was hit
# Possible solutions:
#   Reduce memory load on the system
#   Increase physical memory or swap space
#   Check if swap backing store is full
#   Use 64 bit Java on a 64 bit OS
#   Decrease Java heap size (-Xmx/-Xms)
#   Decrease number of Java threads
#   Decrease Java thread stack sizes (-Xss)
#   Set larger code cache with -XX:ReservedCodeCacheSize=
# This output file may be truncated or incomplete.
#
#  Out of Memory Error (allocation.cpp:390), pid=13068, tid=1980
#
# JRE version: Java(TM) SE Runtime Environment (8.0_45-b15) (build 1.8.0_45-b15)
# Java VM: Java HotSpot(TM) 64-Bit Server VM (25.45-b02 mixed mode windows-amd64 compressed oops)
# Failed to write core dump. Minidumps are not enabled by default on client versions of Windows
#

---------------  T H R E A D  ---------------

Current thread (0x000000001614f000):  JavaThread "C2 CompilerThread0" daemon [_thread_in_native, id=1980, stack(0x00000000177b0000,0x00000000178b0000)]

Stack: [0x00000000177b0000,0x00000000178b0000]
Native frames: (J=compiled Java code, j=interpreted, Vv=VM code, C=native code)
V  [jvm.dll+0x32b57a]
V  [jvm.dll+0x279873]
V  [jvm.dll+0x27a509]
V  [jvm.dll+0x271825]
V  [jvm.dll+0xcb9e2]
V  [jvm.dll+0xcbeac]
V  [jvm.dll+0x476ef2]
V  [jvm.dll+0x4b955f]
V  [jvm.dll+0x46bf81]
V  [jvm.dll+0x46ccbe]
V  [jvm.dll+0x4500f2]
V  [jvm.dll+0xa4352]
V  [jvm.dll+0xa4c8f]
V  [jvm.dll+0x241984]
V  [jvm.dll+0x29853a]
C  [msvcr100.dll+0x21d9f]
C  [msvcr100.dll+0x21e3b]
C  [KERNEL32.DLL+0x12774]
C  [ntdll.dll+0x70d51]


Current CompileTask:
C2:  42350 8956       4       org.gradle.cache.internal.btree.CachingBlockStore::read (56 bytes)


---------------  P R O C E S S  ---------------

Java Threads: ( => current thread )
  0x00000000187e5800 JavaThread "Cache update executor" [_thread_blocked, id=7544, stack(0x0000000021000000,0x0000000021100000)]
  0x00000000187e2800 JavaThread "pool-2-thread-1" [_thread_blocked, id=10280, stack(0x000000001d3f0000,0x000000001d4f0000)]
  0x00000000187e2000 JavaThread "File lock request listener" [_thread_in_native, id=9268, stack(0x000000001d0f0000,0x000000001d1f0000)]
  0x00000000191da000 JavaThread "Stdin handler" [_thread_blocked, id=12772, stack(0x000000001b820000,0x000000001b920000)]
  0x00000000191d9000 JavaThread "Asynchronous log dispatcher for DefaultDaemonConnection: socket connection from /127.0.0.1:55494 to /127.0.0.1:55495" [_thread_blocked, id=10000, stack(0x000000001b720000,0x000000001b820000)]
  0x0000000018c76000 JavaThread "Daemon worker" [_thread_blocked, id=11480, stack(0x000000001b620000,0x000000001b720000)]
  0x0000000019140800 JavaThread "Cancel handler" [_thread_blocked, id=8076, stack(0x000000001b520000,0x000000001b620000)]
  0x00000000189f7000 JavaThread "Handler for socket connection from /127.0.0.1:55494 to /127.0.0.1:55495" [_thread_in_native, id=10760, stack(0x000000001b420000,0x000000001b520000)]
  0x0000000018b49000 JavaThread "Daemon" [_thread_blocked, id=11292, stack(0x000000001b320000,0x000000001b420000)]
  0x0000000018f5f000 JavaThread "Incoming local TCP Connector on port 55494" [_thread_in_native, id=8660, stack(0x000000001aeb0000,0x000000001afb0000)]
  0x0000000018f08000 JavaThread "pool-1-thread-1" [_thread_blocked, id=5088, stack(0x000000001a850000,0x000000001a950000)]
  0x0000000016196800 JavaThread "Service Thread" daemon [_thread_blocked, id=13084, stack(0x0000000017ab0000,0x0000000017bb0000)]
  0x0000000016155800 JavaThread "C1 CompilerThread2" daemon [_thread_blocked, id=11860, stack(0x00000000179b0000,0x0000000017ab0000)]
  0x0000000016152800 JavaThread "C2 CompilerThread1" daemon [_thread_in_native, id=4888, stack(0x00000000178b0000,0x00000000179b0000)]
=>0x000000001614f000 JavaThread "C2 CompilerThread0" daemon [_thread_in_native, id=1980, stack(0x00000000177b0000,0x00000000178b0000)]
  0x000000001614d000 JavaThread "Attach Listener" daemon [_thread_blocked, id=6260, stack(0x00000000176b0000,0x00000000177b0000)]
  0x000000001614c000 JavaThread "Signal Dispatcher" daemon [_thread_blocked, id=4660, stack(0x00000000175b0000,0x00000000176b0000)]
  0x00000000027d6000 JavaThread "Finalizer" daemon [_thread_blocked, id=9764, stack(0x00000000173b0000,0x00000000174b0000)]
  0x00000000027cd000 JavaThread "Reference Handler" daemon [_thread_blocked, id=12376, stack(0x00000000172b0000,0x00000000173b0000)]
  0x00000000026e0800 JavaThread "main" [_thread_blocked, id=12684, stack(0x00000000025c0000,0x00000000026c0000)]

Other Threads:
  0x0000000016118000 VMThread [stack: 0x00000000171b0000,0x00000000172b0000] [id=9540]
  0x0000000017bb8800 WatcherThread [stack: 0x0000000017fb0000,0x00000000180b0000] [id=8792]

VM state:at safepoint (normal execution)

VM Mutex/Monitor currently owned by a thread:  ([mutex/lock_event])
[0x00000000026dc7b0] Threads_lock - owner thread: 0x0000000016118000
[0x00000000026dd740] Heap_lock - owner thread: 0x0000000018c76000

Heap:
 PSYoungGen      total 242688K, used 903K [0x00000000e0000000, 0x00000000f0100000, 0x0000000100000000)
  eden space 230400K, 0% used [0x00000000e0000000,0x00000000e0000000,0x00000000ee100000)
  from space 12288K, 7% used [0x00000000ef500000,0x00000000ef5e1e68,0x00000000f0100000)
  to   space 16384K, 0% used [0x00000000ee100000,0x00000000ee100000,0x00000000ef100000)
 ParOldGen       total 95232K, used 48245K [0x00000000a0000000, 0x00000000a5d00000, 0x00000000e0000000)
  object space 95232K, 50% used [0x00000000a0000000,0x00000000a2f1d740,0x00000000a5d00000)
 Metaspace       used 58857K, capacity 60866K, committed 61016K, reserved 1105920K
  class space    used 8045K, capacity 8468K, committed 8576K, reserved 1048576K

Card table byte_map: [0x0000000011ba0000,0x0000000011eb0000] byte_map_base: 0x00000000116a0000

Marking Bits: (ParMarkBitMap*) 0x0000000054894040
 Begin Bits: [0x00000000124b0000, 0x0000000013cb0000)
 End Bits:   [0x0000000013cb0000, 0x00000000154b0000)

Polling page: 0x0000000000d30000

CodeCache: size=245760Kb used=26240Kb max_used=26240Kb free=219519Kb
 bounds [0x00000000027e0000, 0x00000000041a0000, 0x00000000117e0000]
 total_blobs=8626 nmethods=7850 adapters=686
 compilation: enabled

Compilation events (10 events):
Event: 41.729 Thread 0x0000000016155800 8959       1       com.google.common.collect.RegularImmutableSortedMap::access$100 (5 bytes)
Event: 41.730 Thread 0x0000000016155800 nmethod 8959 0x000000000416cc10 code [0x000000000416cd60, 0x000000000416ce50]
Event: 41.730 Thread 0x0000000016155800 8960   !   3       java.io.ObjectOutputStream::writeObject (38 bytes)
Event: 41.730 Thread 0x0000000016155800 nmethod 8960 0x000000000416c610 code [0x000000000416c7a0, 0x000000000416cb18]
Event: 41.750 Thread 0x0000000016155800 8961       3       com.google.common.collect.ImmutableSortedMap::<init> (5 bytes)
Event: 41.750 Thread 0x0000000016152800 8963       4       java.util.ArrayList::clear (39 bytes)
Event: 41.750 Thread 0x0000000016155800 nmethod 8961 0x000000000416c110 code [0x000000000416c280, 0x000000000416c4f0]
Event: 41.750 Thread 0x0000000016155800 8962       3       com.google.common.collect.ImmutableSortedMapFauxverideShim::<init> (5 bytes)
Event: 41.750 Thread 0x0000000016155800 nmethod 8962 0x000000000416bc90 code [0x000000000416be00, 0x000000000416c010]
Event: 41.751 Thread 0x0000000016152800 nmethod 8963 0x00000000040a4410 code [0x00000000040a4540, 0x00000000040a45d8]

GC Heap History (10 events):
Event: 23.226 GC heap before
{Heap before GC invocations=18 (full 2):
 PSYoungGen      total 114688K, used 107815K [0x00000000e0000000, 0x00000000eaa80000, 0x0000000100000000)
  eden space 102912K, 100% used [0x00000000e0000000,0x00000000e6480000,0x00000000e6480000)
  from space 11776K, 41% used [0x00000000e6480000,0x00000000e6949cd8,0x00000000e7000000)
  to   space 11264K, 0% used [0x00000000e9f80000,0x00000000e9f80000,0x00000000eaa80000)
 ParOldGen       total 47616K, used 23421K [0x00000000a0000000, 0x00000000a2e80000, 0x00000000e0000000)
  object space 47616K, 49% used [0x00000000a0000000,0x00000000a16df720,0x00000000a2e80000)
 Metaspace       used 45948K, capacity 47088K, committed 47232K, reserved 1089536K
  class space    used 6257K, capacity 6507K, committed 6528K, reserved 1048576K
Event: 23.237 GC heap after
Heap after GC invocations=18 (full 2):
 PSYoungGen      total 158208K, used 7486K [0x00000000e0000000, 0x00000000ea800000, 0x0000000100000000)
  eden space 149504K, 0% used [0x00000000e0000000,0x00000000e0000000,0x00000000e9200000)
  from space 8704K, 86% used [0x00000000e9f80000,0x00000000ea6cf938,0x00000000ea800000)
  to   space 11264K, 0% used [0x00000000e9200000,0x00000000e9200000,0x00000000e9d00000)
 ParOldGen       total 47616K, used 23599K [0x00000000a0000000, 0x00000000a2e80000, 0x00000000e0000000)
  object space 47616K, 49% used [0x00000000a0000000,0x00000000a170bdf8,0x00000000a2e80000)
 Metaspace       used 45948K, capacity 47088K, committed 47232K, reserved 1089536K
  class space    used 6257K, capacity 6507K, committed 6528K, reserved 1048576K
}
Event: 36.691 GC heap before
{Heap before GC invocations=19 (full 2):
 PSYoungGen      total 158208K, used 156990K [0x00000000e0000000, 0x00000000ea800000, 0x0000000100000000)
  eden space 149504K, 100% used [0x00000000e0000000,0x00000000e9200000,0x00000000e9200000)
  from space 8704K, 86% used [0x00000000e9f80000,0x00000000ea6cf938,0x00000000ea800000)
  to   space 11264K, 0% used [0x00000000e9200000,0x00000000e9200000,0x00000000e9d00000)
 ParOldGen       total 47616K, used 23599K [0x00000000a0000000, 0x00000000a2e80000, 0x00000000e0000000)
  object space 47616K, 49% used [0x00000000a0000000,0x00000000a170bdf8,0x00000000a2e80000)
 Metaspace       used 52632K, capacity 54412K, committed 54528K, reserved 1095680K
  class space    used 7281K, capacity 7629K, committed 7680K, reserved 1048576K
Event: 36.719 GC heap after
Heap after GC invocations=19 (full 2):
 PSYoungGen      total 160768K, used 11264K [0x00000000e0000000, 0x00000000eda80000, 0x0000000100000000)
  eden space 149504K, 0% used [0x00000000e0000000,0x00000000e0000000,0x00000000e9200000)
  from space 11264K, 100% used [0x00000000e9200000,0x00000000e9d00000,0x00000000e9d00000)
  to   space 16384K, 0% used [0x00000000eca80000,0x00000000eca80000,0x00000000eda80000)
 ParOldGen       total 47616K, used 32965K [0x00000000a0000000, 0x00000000a2e80000, 0x00000000e0000000)
  object space 47616K, 69% used [0x00000000a0000000,0x00000000a20315f0,0x00000000a2e80000)
 Metaspace       used 52632K, capacity 54412K, committed 54528K, reserved 1095680K
  class space    used 7281K, capacity 7629K, committed 7680K, reserved 1048576K
}
Event: 39.346 GC heap before
{Heap before GC invocations=20 (full 2):
 PSYoungGen      total 160768K, used 49107K [0x00000000e0000000, 0x00000000eda80000, 0x0000000100000000)
  eden space 149504K, 25% used [0x00000000e0000000,0x00000000e24f4c48,0x00000000e9200000)
  from space 11264K, 100% used [0x00000000e9200000,0x00000000e9d00000,0x00000000e9d00000)
  to   space 16384K, 0% used [0x00000000eca80000,0x00000000eca80000,0x00000000eda80000)
 ParOldGen       total 47616K, used 32965K [0x00000000a0000000, 0x00000000a2e80000, 0x00000000e0000000)
  object space 47616K, 69% used [0x00000000a0000000,0x00000000a20315f0,0x00000000a2e80000)
 Metaspace       used 57305K, capacity 59052K, committed 59096K, reserved 1099776K
  class space    used 7837K, capacity 8173K, committed 8192K, reserved 1048576K
Event: 39.373 GC heap after
Heap after GC invocations=20 (full 2):
 PSYoungGen      total 201216K, used 9180K [0x00000000e0000000, 0x00000000ed700000, 0x0000000100000000)
  eden space 188416K, 0% used [0x00000000e0000000,0x00000000e0000000,0x00000000eb800000)
  from space 12800K, 71% used [0x00000000eca80000,0x00000000ed3770c8,0x00000000ed700000)
  to   space 15872K, 0% used [0x00000000eb800000,0x00000000eb800000,0x00000000ec780000)
 ParOldGen       total 47616K, used 44205K [0x00000000a0000000, 0x00000000a2e80000, 0x00000000e0000000)
  object space 47616K, 92% used [0x00000000a0000000,0x00000000a2b2b630,0x00000000a2e80000)
 Metaspace       used 57305K, capacity 59052K, committed 59096K, reserved 1099776K
  class space    used 7837K, capacity 8173K, committed 8192K, reserved 1048576K
}
Event: 39.373 GC heap before
{Heap before GC invocations=21 (full 3):
 PSYoungGen      total 201216K, used 9180K [0x00000000e0000000, 0x00000000ed700000, 0x0000000100000000)
  eden space 188416K, 0% used [0x00000000e0000000,0x00000000e0000000,0x00000000eb800000)
  from space 12800K, 71% used [0x00000000eca80000,0x00000000ed3770c8,0x00000000ed700000)
  to   space 15872K, 0% used [0x00000000eb800000,0x00000000eb800000,0x00000000ec780000)
 ParOldGen       total 47616K, used 44205K [0x00000000a0000000, 0x00000000a2e80000, 0x00000000e0000000)
  object space 47616K, 92% used [0x00000000a0000000,0x00000000a2b2b630,0x00000000a2e80000)
 Metaspace       used 57305K, capacity 59052K, committed 59096K, reserved 1099776K
  class space    used 7837K, capacity 8173K, committed 8192K, reserved 1048576K
Event: 39.718 GC heap after
Heap after GC invocations=21 (full 3):
 PSYoungGen      total 201216K, used 0K [0x00000000e0000000, 0x00000000ed700000, 0x0000000100000000)
  eden space 188416K, 0% used [0x00000000e0000000,0x00000000e0000000,0x00000000eb800000)
  from space 12800K, 0% used [0x00000000eca80000,0x00000000eca80000,0x00000000ed700000)
  to   space 15872K, 0% used [0x00000000eb800000,0x00000000eb800000,0x00000000ec780000)
 ParOldGen       total 95232K, used 47185K [0x00000000a0000000, 0x00000000a5d00000, 0x00000000e0000000)
  object space 95232K, 49% used [0x00000000a0000000,0x00000000a2e14710,0x00000000a5d00000)
 Metaspace       used 57304K, capacity 59046K, committed 59096K, reserved 1099776K
  class space    used 7837K, capacity 8172K, committed 8192K, reserved 1048576K
}
Event: 41.567 GC heap before
{Heap before GC invocations=22 (full 3):
 PSYoungGen      total 201216K, used 187929K [0x00000000e0000000, 0x00000000ed700000, 0x0000000100000000)
  eden space 188416K, 99% used [0x00000000e0000000,0x00000000eb786588,0x00000000eb800000)
  from space 12800K, 0% used [0x00000000eca80000,0x00000000eca80000,0x00000000ed700000)
  to   space 15872K, 0% used [0x00000000eb800000,0x00000000eb800000,0x00000000ec780000)
 ParOldGen       total 95232K, used 47185K [0x00000000a0000000, 0x00000000a5d00000, 0x00000000e0000000)
  object space 95232K, 49% used [0x00000000a0000000,0x00000000a2e14710,0x00000000a5d00000)
 Metaspace       used 58269K, capacity 60200K, committed 60376K, reserved 1101824K
  class space    used 7972K, capacity 8383K, committed 8448K, reserved 1048576K
Event: 41.571 GC heap after
Heap after GC invocations=22 (full 3):
 PSYoungGen      total 204288K, used 1997K [0x00000000e0000000, 0x00000000f0500000, 0x0000000100000000)
  eden space 188416K, 0% used [0x00000000e0000000,0x00000000e0000000,0x00000000eb800000)
  from space 15872K, 12% used [0x00000000eb800000,0x00000000eb9f3438,0x00000000ec780000)
  to   space 16384K, 0% used [0x00000000ef500000,0x00000000ef500000,0x00000000f0500000)
 ParOldGen       total 95232K, used 47193K [0x00000000a0000000, 0x00000000a5d00000, 0x00000000e0000000)
  object space 95232K, 49% used [0x00000000a0000000,0x00000000a2e16710,0x00000000a5d00000)
 Metaspace       used 58269K, capacity 60200K, committed 60376K, reserved 1101824K
  class space    used 7972K, capacity 8383K, committed 8448K, reserved 1048576K
}

Deoptimization events (10 events):
Event: 39.278 Thread 0x0000000018c76000 Uncommon trap: reason=unloaded action=reinterpret pc=0x0000000003f8cf84 method=com.sun.tools.javac.jvm.ClassReader.readPool(I)Ljava/lang/Object; @ 436
Event: 39.766 Thread 0x0000000018c76000 Uncommon trap: reason=null_check action=make_not_entrant pc=0x0000000003edba38 method=com.sun.tools.javac.util.UnsharedNameTable.fromUtf([BII)Lcom/sun/tools/javac/util/Name; @ 50
Event: 39.766 Thread 0x0000000018c76000 Uncommon trap: reason=unstable_if action=reinterpret pc=0x0000000003ec3c0c method=com.sun.tools.javac.util.Convert.chars2utf([CI[BII)I @ 35
Event: 40.782 Thread 0x0000000018c76000 Uncommon trap: reason=unstable_if action=reinterpret pc=0x0000000003d5831c method=com.google.common.collect.MapMakerInternalMap$Segment.getEntry(Ljava/lang/Object;I)Lcom/google/common/collect/MapMakerInternalMap$ReferenceEntry; @ 40
Event: 40.852 Thread 0x0000000018c76000 Uncommon trap: reason=unstable_if action=reinterpret pc=0x0000000003db1950 method=com.google.common.collect.MapMakerInternalMap$Segment.drainKeyReferenceQueue()V @ 11
Event: 40.854 Thread 0x0000000018c76000 Uncommon trap: reason=unstable_if action=reinterpret pc=0x0000000003dacc38 method=com.google.common.collect.MapMakerInternalMap$Segment.drainKeyReferenceQueue()V @ 11
Event: 41.004 Thread 0x0000000018c76000 Uncommon trap: reason=unstable_if action=reinterpret pc=0x0000000003d3e798 method=com.google.common.collect.MapMakerInternalMap$Segment.getEntry(Ljava/lang/Object;I)Lcom/google/common/collect/MapMakerInternalMap$ReferenceEntry; @ 40
Event: 41.326 Thread 0x0000000018c76000 Uncommon trap: reason=predicate action=maybe_recompile pc=0x0000000002f5a0d0 method=com.google.common.collect.RegularImmutableMap.checkNoConflictInBucket(Ljava/lang/Object;Lcom/google/common/collect/ImmutableMapEntry;Lcom/google/common/collect/ImmutableMapÿO”§~¸D@
Event: 41.441 Thread 0x0000000018c76000 Uncommon trap: reason=class_check action=maybe_recompile pc=0x00000000040e18d8 method=com.android.apkzlib.zip.ZipField.checkVerifiesInvariants(J)V @ 25
Event: 41.582 Thread 0x0000000018c76000 Uncommon trap: reason=class_check action=maybe_recompile pc=0x00000000040da434 method=com.android.apkzlib.zip.ZipField.checkVerifiesInvariants(J)V @ 25

Internal exceptions (10 events):
Event: 25.897 Thread 0x0000000018c76000 Exception <a 'java/lang/NoSuchMethodError': <clinit>> (0x00000000e40444d8) thrown at [C:\re\workspace\8-2-build-windows-amd64-cygwin\jdk8u45\3627\hotspot\src\share\vm\prims\jni.cpp, line 1598]
Event: 25.898 Thread 0x0000000018c76000 Exception <a 'java/lang/NoSuchMethodError': <clinit>> (0x00000000e4050fb8) thrown at [C:\re\workspace\8-2-build-windows-amd64-cygwin\jdk8u45\3627\hotspot\src\share\vm\prims\jni.cpp, line 1598]
Event: 25.907 Thread 0x0000000018c76000 Implicit null exception at 0x000000000396045a to 0x00000000039615c1
Event: 25.964 Thread 0x0000000018c76000 Exception <a 'java/lang/NoSuchMethodError': <clinit>> (0x00000000e4100b98) thrown at [C:\re\workspace\8-2-build-windows-amd64-cygwin\jdk8u45\3627\hotspot\src\share\vm\prims\jni.cpp, line 1598]
Event: 25.966 Thread 0x0000000018c76000 Exception <a 'java/lang/NoSuchMethodError': <clinit>> (0x00000000e41176a0) thrown at [C:\re\workspace\8-2-build-windows-amd64-cygwin\jdk8u45\3627\hotspot\src\share\vm\prims\jni.cpp, line 1598]
Event: 25.966 Thread 0x0000000018c76000 Exception <a 'java/lang/NoSuchMethodError': <clinit>> (0x00000000e41191c0) thrown at [C:\re\workspace\8-2-build-windows-amd64-cygwin\jdk8u45\3627\hotspot\src\share\vm\prims\jni.cpp, line 1598]
Event: 31.496 Thread 0x0000000018c76000 Exception <a 'java/lang/NoSuchMethodError': java.lang.Object.lambda$negate$11(Ljava/lang/Object;)Z> (0x00000000e64209f0) thrown at [C:\re\workspace\8-2-build-windows-amd64-cygwin\jdk8u45\3627\hotspot\src\share\vm\interpreter\linkResolver.cpp, line 582]
Event: 39.766 Thread 0x0000000018c76000 Implicit null exception at 0x0000000003edb4f0 to 0x0000000003edb9ed
Event: 41.636 Thread 0x0000000018c76000 Exception <a 'java/io/FileNotFoundException'> (0x00000000e3f75c48) thrown at [C:\re\workspace\8-2-build-windows-amd64-cygwin\jdk8u45\3627\hotspot\src\share\vm\prims\jni.cpp, line 709]
Event: 41.729 Thread 0x00000000187e5800 Exception <a 'java/lang/NoSuchMethodError': <clinit>> (0x00000000e42e1eb8) thrown at [C:\re\workspace\8-2-build-windows-amd64-cygwin\jdk8u45\3627\hotspot\src\share\vm\prims\jni.cpp, line 1598]

Events (10 events):
Event: 41.637 loading class com/android/build/gradle/tasks/PackageAndroidArtifact$InputSet
Event: 41.637 loading class com/android/build/gradle/tasks/PackageAndroidArtifact$InputSet done
Event: 41.637 loading class com/android/builder/files/RelativeFile
Event: 41.637 loading class com/android/builder/files/RelativeFile done
Event: 41.637 loading class com/android/build/gradle/tasks/PackageAndroidArtifact$KnownFilesSaveData
Event: 41.637 loading class com/android/build/gradle/tasks/PackageAndroidArtifact$KnownFilesSaveData done
Event: 41.652 loading class com/google/wireless/android/sdk/stats/GradleBuildProjectMetrics$1
Event: 41.652 loading class com/google/wireless/android/sdk/stats/GradleBuildProjectMetrics$1 done
Event: 41.653 loading class com/google/wireless/android/sdk/stats/GradleBuildProjectMetrics$Builder
Event: 41.653 loading class com/google/wireless/android/sdk/stats/GradleBuildProjectMetrics$Builder done


Dynamic libraries:
0x00007ff6c3f30000 - 0x00007ff6c3f67000 	C:\Program Files\Java\jdk1.8.0_45\bin\java.exe
0x00007fffecce0000 - 0x00007fffecebb000 	C:\WINDOWS\SYSTEM32\ntdll.dll
0x00007fffdc330000 - 0x00007fffdc363000 	C:\Program Files\AVAST Software\Avast\x64\aswhooka.dll
0x00007fffeb5d0000 - 0x00007fffeb67e000 	C:\WINDOWS\System32\KERNEL32.DLL
0x00007fffe9f80000 - 0x00007fffea1c9000 	C:\WINDOWS\System32\KERNELBASE.dll
0x00007fffea300000 - 0x00007fffea3a1000 	C:\WINDOWS\System32\ADVAPI32.dll
0x00007fffeb530000 - 0x00007fffeb5cd000 	C:\WINDOWS\System32\msvcrt.dll
0x00007fffeb010000 - 0x00007fffeb069000 	C:\WINDOWS\System32\sechost.dll
0x00007fffeb3f0000 - 0x00007fffeb515000 	C:\WINDOWS\System32\RPCRT4.dll
0x00007fffeae20000 - 0x00007fffeaf6a000 	C:\WINDOWS\System32\USER32.dll
0x00007fffe9eb0000 - 0x00007fffe9ece000 	C:\WINDOWS\System32\win32u.dll
0x00007fffea3b0000 - 0x00007fffea3d7000 	C:\WINDOWS\System32\GDI32.dll
0x00007fffe9200000 - 0x00007fffe9387000 	C:\WINDOWS\System32\gdi32full.dll
0x00007fffe9e10000 - 0x00007fffe9eaa000 	C:\WINDOWS\System32\msvcp_win.dll
0x00007fffe9440000 - 0x00007fffe9536000 	C:\WINDOWS\System32\ucrtbase.dll
0x00007fffe3140000 - 0x00007fffe33a7000 	C:\WINDOWS\WinSxS\amd64_microsoft.windows.common-controls_6595b64144ccf1df_6.0.15063.483_none_26002d27e7c744a2\COMCTL32.dll
0x00007fffeb070000 - 0x00007fffeb369000 	C:\WINDOWS\System32\combase.dll
0x00007fffea1d0000 - 0x00007fffea23a000 	C:\WINDOWS\System32\bcryptPrimitives.dll
0x00007fffeafe0000 - 0x00007fffeb00d000 	C:\WINDOWS\System32\IMM32.DLL
0x0000000054920000 - 0x00000000549f2000 	C:\Program Files\Java\jdk1.8.0_45\jre\bin\msvcr100.dll
0x0000000054090000 - 0x0000000054913000 	C:\Program Files\Java\jdk1.8.0_45\jre\bin\server\jvm.dll
0x00007fffeab50000 - 0x00007fffeab58000 	C:\WINDOWS\System32\PSAPI.DLL
0x00007fffde9c0000 - 0x00007fffde9c9000 	C:\WINDOWS\SYSTEM32\WSOCK32.dll
0x00007fffeaf70000 - 0x00007fffeafdc000 	C:\WINDOWS\System32\WS2_32.dll
0x00007fffe2f20000 - 0x00007fffe2f43000 	C:\WINDOWS\SYSTEM32\WINMM.dll
0x00007fffe0110000 - 0x00007fffe011a000 	C:\WINDOWS\SYSTEM32\VERSION.dll
0x00007fffe2db0000 - 0x00007fffe2ddb000 	C:\WINDOWS\SYSTEM32\WINMMBASE.dll
0x00007fffe9390000 - 0x00007fffe93d9000 	C:\WINDOWS\System32\cfgmgr32.dll
0x0000000054080000 - 0x000000005408f000 	C:\Program Files\Java\jdk1.8.0_45\jre\bin\verify.dll
0x0000000054050000 - 0x0000000054079000 	C:\Program Files\Java\jdk1.8.0_45\jre\bin\java.dll
0x0000000054030000 - 0x0000000054046000 	C:\Program Files\Java\jdk1.8.0_45\jre\bin\zip.dll
0x00007fffeb790000 - 0x00007fffecbc6000 	C:\WINDOWS\System32\SHELL32.dll
0x00007fffea600000 - 0x00007fffea6aa000 	C:\WINDOWS\System32\shcore.dll
0x00007fffe9710000 - 0x00007fffe9e01000 	C:\WINDOWS\System32\windows.storage.dll
0x00007fffea6b0000 - 0x00007fffea701000 	C:\WINDOWS\System32\shlwapi.dll
0x00007fffe91e0000 - 0x00007fffe91f1000 	C:\WINDOWS\System32\kernel.appcore.dll
0x00007fffe9190000 - 0x00007fffe91dc000 	C:\WINDOWS\System32\powrprof.dll
0x00007fffe9150000 - 0x00007fffe9165000 	C:\WINDOWS\System32\profapi.dll
0x0000000054010000 - 0x000000005402a000 	C:\Program Files\Java\jdk1.8.0_45\jre\bin\net.dll
0x00007fffe8a00000 - 0x00007fffe8a5c000 	C:\WINDOWS\system32\mswsock.dll
0x0000000053ff0000 - 0x0000000054001000 	C:\Program Files\Java\jdk1.8.0_45\jre\bin\nio.dll
0x00007fffdcc00000 - 0x00007fffdcc1e000 	C:\Users\user\.gradle\native\23\windows-amd64\native-platform.dll
0x00007fffe8bb0000 - 0x00007fffe8bc7000 	C:\WINDOWS\SYSTEM32\CRYPTSP.dll
0x00007fffe8620000 - 0x00007fffe8654000 	C:\WINDOWS\system32\rsaenh.dll
0x00007fffe9090000 - 0x00007fffe90b5000 	C:\WINDOWS\SYSTEM32\bcrypt.dll
0x00007fffe9050000 - 0x00007fffe9079000 	C:\WINDOWS\SYSTEM32\USERENV.dll
0x00007fffe8ba0000 - 0x00007fffe8bab000 	C:\WINDOWS\SYSTEM32\CRYPTBASE.dll
0x00007fffe87a0000 - 0x00007fffe87d7000 	C:\WINDOWS\SYSTEM32\IPHLPAPI.DLL
0x00007fffeb520000 - 0x00007fffeb528000 	C:\WINDOWS\System32\NSI.dll
0x00007fffe4e50000 - 0x00007fffe4e66000 	C:\WINDOWS\SYSTEM32\dhcpcsvc6.DLL
0x00007fffe4e00000 - 0x00007fffe4e1a000 	C:\WINDOWS\SYSTEM32\dhcpcsvc.DLL
0x0000000053fe0000 - 0x0000000053fed000 	C:\Program Files\Java\jdk1.8.0_45\jre\bin\management.dll
0x00007fffe4660000 - 0x00007fffe4809000 	C:\WINDOWS\SYSTEM32\dbghelp.dll

VM Arguments:
jvm_args: -Xmx1536m -Dfile.encoding=windows-1253 -Duser.country=GR -Duser.language=el -Duser.variant 
java_command: org.gradle.launcher.daemon.bootstrap.GradleDaemon 3.3
java_class_path (initial): C:\Users\user\.gradle\wrapper\dists\gradle-3.3-all\55gk2rcmfc6p2dg9u9ohc3hw9\gradle-3.3\lib\gradle-launcher-3.3.jar
Launcher Type: SUN_STANDARD

Environment Variables:
JAVA_HOME=C:\Program Files\Java\jdk1.8.0_45
PATH=C:\ProgramData\Oracle\Java\javapath;C:\Program Files (x86)\NVIDIA Corporation\PhysX\Common;C:\Program Files (x86)\Intel\iCLS Client\;C:\Program Files\Intel\iCLS Client\;C:\WINDOWS\system32;C:\WINDOWS;C:\WINDOWS\System32\Wbem;C:\WINDOWS\System32\WindowsPowerShell\v1.0\;C:\Program Files (x86)\Windows Live\Shared;C:\Program Files\Intel\Intel(R) Management Engine Components\DAL;C:\Program Files\Intel\Intel(R) Management Engine Components\IPT;C:\Program Files (x86)\Intel\Intel(R) Management Engine Components\DAL;C:\Program Files (x86)\Intel\Intel(R) Management Engine Components\IPT;C:\Program Files (x86)\Windows Kits\8.1\Windows Performance Toolkit\;C:\Program Files\Microsoft SQL Server\110\Tools\Binn\;C:\Program Files\Git\cmd;C:\Program Files (x86)\Skype\Phone\;C:\Program Files (x86)\PuTTY\;C:\Program Files\Microsoft\Web Platform Installer\;C:\Users\user\AppData\Local\Microsoft\WindowsApps;
USERNAME=user
OS=Windows_NT
PROCESSOR_IDENTIFIER=Intel64 Family 6 Model 69 Stepping 1, GenuineIntel



---------------  S Y S T E M  ---------------

OS: Windows 10.0 , 64 bit Build 15063 (10.0.15063.296)

CPU:total 4 (2 cores per cpu, 2 threads per core) family 6 model 69 stepping 1, cmov, cx8, fxsr, mmx, sse, sse2, sse3, ssse3, sse4.1, sse4.2, popcnt, avx, avx2, aes, clmul, erms, lzcnt, ht, tsc, tscinvbit, bmi1, bmi2

Memory: 4k page, physical 4122776k(325312k free), swap 5555348k(2884k free)

vm_info: Java HotSpot(TM) 64-Bit Server VM (25.45-b02) for windows-amd64 JRE (1.8.0_45-b15), built on Apr 30 2015 12:40:44 by "java_re" with MS VC++ 10.0 (VS2010)

time: Sun Oct 15 23:47:48 2017
elapsed time: 42 seconds (0d 0h 0m 42s)

