#
# There is insufficient memory for the Java Runtime Environment to continue.
# Native memory allocation (malloc) failed to allocate 1832336 bytes for Chunk::new
# Possible reasons:
#   The system is out of physical RAM or swap space
#   In 32 bit mode, the process size limit was hit
# Possible solutions:
#   Reduce memory load on the system
#   Increase physical memory or swap space
#   Check if swap backing store is full
#   Use 64 bit Java on a 64 bit OS
#   Decrease Java heap size (-Xmx/-Xms)
#   Decrease number of Java threads
#   Decrease Java thread stack sizes (-Xss)
#   Set larger code cache with -XX:ReservedCodeCacheSize=
# This output file may be truncated or incomplete.
#
#  Out of Memory Error (allocation.cpp:390), pid=10920, tid=4524
#
# JRE version: Java(TM) SE Runtime Environment (8.0_45-b15) (build 1.8.0_45-b15)
# Java VM: Java HotSpot(TM) 64-Bit Server VM (25.45-b02 mixed mode windows-amd64 compressed oops)
# Failed to write core dump. Minidumps are not enabled by default on client versions of Windows
#

---------------  T H R E A D  ---------------

Current thread (0x000000001613d000):  JavaThread "C2 CompilerThread1" daemon [_thread_in_native, id=4524, stack(0x00000000178b0000,0x00000000179b0000)]

Stack: [0x00000000178b0000,0x00000000179b0000]
Native frames: (J=compiled Java code, j=interpreted, Vv=VM code, C=native code)
V  [jvm.dll+0x32b57a]
V  [jvm.dll+0x279873]
V  [jvm.dll+0x27a509]
V  [jvm.dll+0x271825]
V  [jvm.dll+0xcb9e2]
V  [jvm.dll+0xcbeac]
V  [jvm.dll+0x476ef2]
V  [jvm.dll+0x4b955f]
V  [jvm.dll+0x46bf81]
V  [jvm.dll+0x46ccbe]
V  [jvm.dll+0x4500f2]
V  [jvm.dll+0xa4352]
V  [jvm.dll+0xa4c8f]
V  [jvm.dll+0x241984]
V  [jvm.dll+0x29853a]
C  [msvcr100.dll+0x21d9f]
C  [msvcr100.dll+0x21e3b]
C  [KERNEL32.DLL+0x12774]
C  [ntdll.dll+0x70d51]


Current CompileTask:
C2:10865683 18096 %     4       com.android.dx.dex.code.LocalList::make @ 16 (102 bytes)


---------------  P R O C E S S  ---------------

Java Threads: ( => current thread )
  0x000000001e286000 JavaThread "Forward streams with process: command 'C:\Users\user\AppData\Local\Android\sdk\build-tools\25.0.2\aapt.exe' Thread 3" [_thread_in_native, id=7328, stack(0x0000000031e40000,0x0000000031f40000)]
  0x000000001e280800 JavaThread "Forward streams with process: command 'C:\Users\user\AppData\Local\Android\sdk\build-tools\25.0.2\aapt.exe' Thread 2" [_thread_in_native, id=9428, stack(0x0000000031d40000,0x0000000031e40000)]
  0x000000001e285000 JavaThread "Forward streams with process: command 'C:\Users\user\AppData\Local\Android\sdk\build-tools\25.0.2\aapt.exe'" [_thread_blocked, id=764, stack(0x0000000031c40000,0x0000000031d40000)]
  0x000000001e281800 JavaThread "Run command 'C:\Users\user\AppData\Local\Android\sdk\build-tools\25.0.2\aapt.exe'" [_thread_in_native, id=8720, stack(0x0000000031a40000,0x0000000031b40000)]
  0x000000001e283800 JavaThread "Thread-39" [_thread_blocked, id=3732, stack(0x0000000031940000,0x0000000031a40000)]
  0x0000000019a0e800 JavaThread "pool-10-thread-4" [_thread_blocked, id=3516, stack(0x0000000026440000,0x0000000026540000)]
  0x0000000019a0b800 JavaThread "pool-10-thread-3" [_thread_blocked, id=4932, stack(0x0000000026340000,0x0000000026440000)]
  0x0000000019a0c000 JavaThread "pool-10-thread-2" [_thread_blocked, id=7320, stack(0x0000000026240000,0x0000000026340000)]
  0x0000000019a0d800 JavaThread "pool-10-thread-1" [_thread_blocked, id=10988, stack(0x0000000026140000,0x0000000026240000)]
  0x0000000019a0d000 JavaThread "pool-6-thread-4" [_thread_blocked, id=10464, stack(0x0000000026040000,0x0000000026140000)]
  0x0000000019a03000 JavaThread "pool-6-thread-3" [_thread_blocked, id=7836, stack(0x0000000025840000,0x0000000025940000)]
  0x0000000019a0a000 JavaThread "pool-6-thread-2" [_thread_blocked, id=3264, stack(0x0000000025740000,0x0000000025840000)]
  0x0000000019a02800 JavaThread "pool-6-thread-1" [_thread_blocked, id=12832, stack(0x0000000025640000,0x0000000025740000)]
  0x0000000019a08800 JavaThread "Cache update executor" [_thread_blocked, id=12280, stack(0x0000000025540000,0x0000000025640000)]
  0x0000000019a04000 JavaThread "Asynchronous log dispatcher for DefaultDaemonConnection: socket connection from /127.0.0.1:27419 to /127.0.0.1:28521" [_thread_blocked, id=11576, stack(0x0000000025340000,0x0000000025440000)]
  0x0000000019a07800 JavaThread "Daemon worker Thread 3" [_thread_blocked, id=3652, stack(0x0000000025240000,0x0000000025340000)]
  0x0000000019a06000 JavaThread "Cancel handler" [_thread_blocked, id=2404, stack(0x0000000025140000,0x0000000025240000)]
  0x0000000019a01800 JavaThread "Handler for socket connection from /127.0.0.1:27419 to /127.0.0.1:28521" [_thread_in_native, id=11144, stack(0x0000000025040000,0x0000000025140000)]
  0x0000000019a04800 JavaThread "Daemon Thread 3" [_thread_blocked, id=10404, stack(0x0000000024f40000,0x0000000025040000)]
  0x0000000018fb7000 JavaThread "pool-2-thread-1" [_thread_blocked, id=10316, stack(0x000000001c330000,0x000000001c430000)]
  0x0000000019c52800 JavaThread "File lock request listener" [_thread_in_native, id=11204, stack(0x000000001bb20000,0x000000001bc20000)]
  0x00000000191e4800 JavaThread "Incoming local TCP Connector on port 27419" [_thread_in_native, id=11712, stack(0x000000001aeb0000,0x000000001afb0000)]
  0x0000000019880800 JavaThread "pool-1-thread-1" [_thread_blocked, id=2948, stack(0x000000001a850000,0x000000001a950000)]
  0x000000001619e000 JavaThread "Service Thread" daemon [_thread_blocked, id=2724, stack(0x0000000017eb0000,0x0000000017fb0000)]
  0x0000000016143800 JavaThread "C1 CompilerThread2" daemon [_thread_blocked, id=10476, stack(0x00000000179b0000,0x0000000017ab0000)]
=>0x000000001613d000 JavaThread "C2 CompilerThread1" daemon [_thread_in_native, id=4524, stack(0x00000000178b0000,0x00000000179b0000)]
  0x000000001613a000 JavaThread "C2 CompilerThread0" daemon [_thread_in_native, id=8220, stack(0x00000000177b0000,0x00000000178b0000)]
  0x0000000016149800 JavaThread "Attach Listener" daemon [_thread_blocked, id=6040, stack(0x00000000176b0000,0x00000000177b0000)]
  0x0000000016148800 JavaThread "Signal Dispatcher" daemon [_thread_blocked, id=9160, stack(0x00000000175b0000,0x00000000176b0000)]
  0x00000000027c7800 JavaThread "Finalizer" daemon [_thread_blocked, id=8016, stack(0x00000000173b0000,0x00000000174b0000)]
  0x00000000027bf800 JavaThread "Reference Handler" daemon [_thread_blocked, id=9832, stack(0x00000000172b0000,0x00000000173b0000)]
  0x00000000026d0800 JavaThread "main" [_thread_blocked, id=2756, stack(0x0000000002550000,0x0000000002650000)]

Other Threads:
  0x0000000016107800 VMThread [stack: 0x00000000171b0000,0x00000000172b0000] [id=9864]
  0x0000000017ae2800 WatcherThread [stack: 0x0000000017fb0000,0x00000000180b0000] [id=13064]

VM state:not at safepoint (normal execution)

VM Mutex/Monitor currently owned by a thread: None

Heap:
 PSYoungGen      total 354816K, used 79880K [0x00000000e0000000, 0x00000000f8500000, 0x0000000100000000)
  eden space 311296K, 25% used [0x00000000e0000000,0x00000000e4e023e8,0x00000000f3000000)
  from space 43520K, 0% used [0x00000000f5a80000,0x00000000f5a80000,0x00000000f8500000)
  to   space 43520K, 0% used [0x00000000f3000000,0x00000000f3000000,0x00000000f5a80000)
 ParOldGen       total 149504K, used 149472K [0x00000000a0000000, 0x00000000a9200000, 0x00000000e0000000)
  object space 149504K, 99% used [0x00000000a0000000,0x00000000a91f8118,0x00000000a9200000)
 Metaspace       used 73404K, capacity 76076K, committed 78484K, reserved 1118208K
  class space    used 9330K, capacity 9791K, committed 10428K, reserved 1048576K

Card table byte_map: [0x0000000011b90000,0x0000000011ea0000] byte_map_base: 0x0000000011690000

Marking Bits: (ParMarkBitMap*) 0x000000006c804040
 Begin Bits: [0x00000000124a0000, 0x0000000013ca0000)
 End Bits:   [0x0000000013ca0000, 0x00000000154a0000)

Polling page: 0x00000000007e0000

CodeCache: size=245760Kb used=51906Kb max_used=51929Kb free=193853Kb
 bounds [0x00000000027d0000, 0x0000000005ad0000, 0x00000000117d0000]
 total_blobs=15288 nmethods=14492 adapters=706
 compilation: enabled

Compilation events (10 events):
Event: 10861.271 Thread 0x0000000016143800 18132       2       com.android.dx.dex.file.EncodedArrayItem::writeTo0 (75 bytes)
Event: 10861.273 Thread 0x0000000016143800 nmethod 18132 0x0000000005a5e390 code [0x0000000005a5e5e0, 0x0000000005a5ee18]
Event: 10861.294 Thread 0x0000000016143800 18133       2       java.util.TimSort::<init> (184 bytes)
Event: 10861.294 Thread 0x0000000016143800 nmethod 18133 0x0000000005aa3210 code [0x0000000005aa3380, 0x0000000005aa37d8]
Event: 10861.294 Thread 0x0000000016143800 18134       2       java.util.TimSort::minRunLength (43 bytes)
Event: 10861.295 Thread 0x0000000016143800 nmethod 18134 0x000000000593da50 code [0x000000000593dba0, 0x000000000593dd30]
Event: 10861.295 Thread 0x0000000016143800 18135       2       java.util.TimSort::mergeForceCollapse (50 bytes)
Event: 10861.295 Thread 0x0000000016143800 nmethod 18135 0x0000000005a8e310 code [0x0000000005a8e480, 0x0000000005a8e6c8]
Event: 10861.323 Thread 0x0000000016143800 18136       1       com.android.dx.dex.file.HeaderSection::items (5 bytes)
Event: 10861.323 Thread 0x0000000016143800 nmethod 18136 0x0000000005885c50 code [0x0000000005885da0, 0x0000000005885eb0]

GC Heap History (10 events):
Event: 10855.143 GC heap before
{Heap before GC invocations=41 (full 5):
 PSYoungGen      total 311808K, used 296175K [0x00000000e0000000, 0x00000000f8780000, 0x0000000100000000)
  eden space 266752K, 100% used [0x00000000e0000000,0x00000000f0480000,0x00000000f0480000)
  from space 45056K, 65% used [0x00000000f0480000,0x00000000f213be78,0x00000000f3080000)
  to   space 46080K, 0% used [0x00000000f5a80000,0x00000000f5a80000,0x00000000f8780000)
 ParOldGen       total 149504K, used 77343K [0x00000000a0000000, 0x00000000a9200000, 0x00000000e0000000)
  object space 149504K, 51% used [0x00000000a0000000,0x00000000a4b87e78,0x00000000a9200000)
 Metaspace       used 73364K, capacity 76074K, committed 78484K, reserved 1118208K
  class space    used 9329K, capacity 9790K, committed 10428K, reserved 1048576K
Event: 10855.241 GC heap after
Heap after GC invocations=41 (full 5):
 PSYoungGen      total 354816K, used 19234K [0x00000000e0000000, 0x00000000f8500000, 0x0000000100000000)
  eden space 311296K, 0% used [0x00000000e0000000,0x00000000e0000000,0x00000000f3000000)
  from space 43520K, 44% used [0x00000000f5a80000,0x00000000f6d48920,0x00000000f8500000)
  to   space 43520K, 0% used [0x00000000f3000000,0x00000000f3000000,0x00000000f5a80000)
 ParOldGen       total 149504K, used 91931K [0x00000000a0000000, 0x00000000a9200000, 0x00000000e0000000)
  object space 149504K, 61% used [0x00000000a0000000,0x00000000a59c6c70,0x00000000a9200000)
 Metaspace       used 73364K, capacity 76074K, committed 78484K, reserved 1118208K
  class space    used 9329K, capacity 9790K, committed 10428K, reserved 1048576K
}
Event: 10856.405 GC heap before
{Heap before GC invocations=42 (full 5):
 PSYoungGen      total 354816K, used 330530K [0x00000000e0000000, 0x00000000f8500000, 0x0000000100000000)
  eden space 311296K, 100% used [0x00000000e0000000,0x00000000f3000000,0x00000000f3000000)
  from space 43520K, 44% used [0x00000000f5a80000,0x00000000f6d48920,0x00000000f8500000)
  to   space 43520K, 0% used [0x00000000f3000000,0x00000000f3000000,0x00000000f5a80000)
 ParOldGen       total 149504K, used 91931K [0x00000000a0000000, 0x00000000a9200000, 0x00000000e0000000)
  object space 149504K, 61% used [0x00000000a0000000,0x00000000a59c6c70,0x00000000a9200000)
 Metaspace       used 73378K, capacity 76074K, committed 78484K, reserved 1118208K
  class space    used 9329K, capacity 9790K, committed 10428K, reserved 1048576K
Event: 10856.500 GC heap after
Heap after GC invocations=42 (full 5):
 PSYoungGen      total 354816K, used 39153K [0x00000000e0000000, 0x00000000f8500000, 0x0000000100000000)
  eden space 311296K, 0% used [0x00000000e0000000,0x00000000e0000000,0x00000000f3000000)
  from space 43520K, 89% used [0x00000000f3000000,0x00000000f563c448,0x00000000f5a80000)
  to   space 43520K, 0% used [0x00000000f5a80000,0x00000000f5a80000,0x00000000f8500000)
 ParOldGen       total 149504K, used 104497K [0x00000000a0000000, 0x00000000a9200000, 0x00000000e0000000)
  object space 149504K, 69% used [0x00000000a0000000,0x00000000a660c508,0x00000000a9200000)
 Metaspace       used 73378K, capacity 76074K, committed 78484K, reserved 1118208K
  class space    used 9329K, capacity 9790K, committed 10428K, reserved 1048576K
}
Event: 10857.324 GC heap before
{Heap before GC invocations=43 (full 5):
 PSYoungGen      total 354816K, used 350449K [0x00000000e0000000, 0x00000000f8500000, 0x0000000100000000)
  eden space 311296K, 100% used [0x00000000e0000000,0x00000000f3000000,0x00000000f3000000)
  from space 43520K, 89% used [0x00000000f3000000,0x00000000f563c448,0x00000000f5a80000)
  to   space 43520K, 0% used [0x00000000f5a80000,0x00000000f5a80000,0x00000000f8500000)
 ParOldGen       total 149504K, used 104497K [0x00000000a0000000, 0x00000000a9200000, 0x00000000e0000000)
  object space 149504K, 69% used [0x00000000a0000000,0x00000000a660c508,0x00000000a9200000)
 Metaspace       used 73380K, capacity 76074K, committed 78484K, reserved 1118208K
  class space    used 9329K, capacity 9790K, committed 10428K, reserved 1048576K
Event: 10857.458 GC heap after
Heap after GC invocations=43 (full 5):
 PSYoungGen      total 354816K, used 43513K [0x00000000e0000000, 0x00000000f8500000, 0x0000000100000000)
  eden space 311296K, 0% used [0x00000000e0000000,0x00000000e0000000,0x00000000f3000000)
  from space 43520K, 99% used [0x00000000f5a80000,0x00000000f84fe610,0x00000000f8500000)
  to   space 43520K, 0% used [0x00000000f3000000,0x00000000f3000000,0x00000000f5a80000)
 ParOldGen       total 149504K, used 142161K [0x00000000a0000000, 0x00000000a9200000, 0x00000000e0000000)
  object space 149504K, 95% used [0x00000000a0000000,0x00000000a8ad47f0,0x00000000a9200000)
 Metaspace       used 73380K, capacity 76074K, committed 78484K, reserved 1118208K
  class space    used 9329K, capacity 9790K, committed 10428K, reserved 1048576K
}
Event: 10857.459 GC heap before
{Heap before GC invocations=44 (full 6):
 PSYoungGen      total 354816K, used 43513K [0x00000000e0000000, 0x00000000f8500000, 0x0000000100000000)
  eden space 311296K, 0% used [0x00000000e0000000,0x00000000e0000000,0x00000000f3000000)
  from space 43520K, 99% used [0x00000000f5a80000,0x00000000f84fe610,0x00000000f8500000)
  to   space 43520K, 0% used [0x00000000f3000000,0x00000000f3000000,0x00000000f5a80000)
 ParOldGen       total 149504K, used 142161K [0x00000000a0000000, 0x00000000a9200000, 0x00000000e0000000)
  object space 149504K, 95% used [0x00000000a0000000,0x00000000a8ad47f0,0x00000000a9200000)
 Metaspace       used 73380K, capacity 76074K, committed 78484K, reserved 1118208K
  class space    used 9329K, capacity 9790K, committed 10428K, reserved 1048576K
Event: 10858.405 GC heap after
Heap after GC invocations=44 (full 6):
 PSYoungGen      total 354816K, used 0K [0x00000000e0000000, 0x00000000f8500000, 0x0000000100000000)
  eden space 311296K, 0% used [0x00000000e0000000,0x00000000e0000000,0x00000000f3000000)
  from space 43520K, 0% used [0x00000000f5a80000,0x00000000f5a80000,0x00000000f8500000)
  to   space 43520K, 0% used [0x00000000f3000000,0x00000000f3000000,0x00000000f5a80000)
 ParOldGen       total 149504K, used 142796K [0x00000000a0000000, 0x00000000a9200000, 0x00000000e0000000)
  object space 149504K, 95% used [0x00000000a0000000,0x00000000a8b73200,0x00000000a9200000)
 Metaspace       used 73380K, capacity 76074K, committed 78484K, reserved 1118208K
  class space    used 9329K, capacity 9790K, committed 10428K, reserved 1048576K
}
Event: 10859.460 GC heap before
{Heap before GC invocations=45 (full 7):
 PSYoungGen      total 354816K, used 311296K [0x00000000e0000000, 0x00000000f8500000, 0x0000000100000000)
  eden space 311296K, 100% used [0x00000000e0000000,0x00000000f3000000,0x00000000f3000000)
  from space 43520K, 0% used [0x00000000f5a80000,0x00000000f5a80000,0x00000000f8500000)
  to   space 43520K, 0% used [0x00000000f3000000,0x00000000f3000000,0x00000000f5a80000)
 ParOldGen       total 149504K, used 142796K [0x00000000a0000000, 0x00000000a9200000, 0x00000000e0000000)
  object space 149504K, 95% used [0x00000000a0000000,0x00000000a8b73200,0x00000000a9200000)
 Metaspace       used 73385K, capacity 76074K, committed 78484K, reserved 1118208K
  class space    used 9329K, capacity 9790K, committed 10428K, reserved 1048576K
Event: 10860.798 GC heap after
Heap after GC invocations=45 (full 7):
 PSYoungGen      total 354816K, used 22852K [0x00000000e0000000, 0x00000000f8500000, 0x0000000100000000)
  eden space 311296K, 7% used [0x00000000e0000000,0x00000000e1651090,0x00000000f3000000)
  from space 43520K, 0% used [0x00000000f5a80000,0x00000000f5a80000,0x00000000f8500000)
  to   space 43520K, 0% used [0x00000000f3000000,0x00000000f3000000,0x00000000f5a80000)
 ParOldGen       total 149504K, used 149472K [0x00000000a0000000, 0x00000000a9200000, 0x00000000e0000000)
  object space 149504K, 99% used [0x00000000a0000000,0x00000000a91f8118,0x00000000a9200000)
 Metaspace       used 73385K, capacity 76074K, committed 78484K, reserved 1118208K
  class space    used 9329K, capacity 9790K, committed 10428K, reserved 1048576K
}

Deoptimization events (10 events):
Event: 10854.297 Thread 0x0000000019a0e800 Uncommon trap: reason=unstable_if action=reinterpret pc=0x00000000043cb0a8 method=java.util.concurrent.ConcurrentHashMap.get(Ljava/lang/Object;)Ljava/lang/Object; @ 86
Event: 10854.297 Thread 0x0000000019a0e800 Uncommon trap: reason=unstable_if action=reinterpret pc=0x00000000058a2090 method=java.util.concurrent.ConcurrentHashMap.putVal(Ljava/lang/Object;Ljava/lang/Object;Z)Ljava/lang/Object; @ 113
Event: 10854.375 Thread 0x000000001e286800 Uncommon trap: reason=unstable_if action=reinterpret pc=0x0000000002921adc method=java.util.HashMap.getNode(ILjava/lang/Object;)Ljava/util/HashMap$Node; @ 84
Event: 10854.375 Thread 0x000000001e286800 Uncommon trap: reason=unstable_if action=reinterpret pc=0x00000000030eb92c method=java.util.HashMap.getNode(ILjava/lang/Object;)Ljava/util/HashMap$Node; @ 84
Event: 10855.026 Thread 0x000000001e283800 Uncommon trap: reason=array_check action=maybe_recompile pc=0x00000000051f9a60 method=java.util.ComparableTimSort.binarySort([Ljava/lang/Object;III)V @ 183
Event: 10857.022 Thread 0x000000001e289000 Uncommon trap: reason=bimorphic action=maybe_recompile pc=0x0000000005828824 method=com.android.dx.cf.code.BytecodeArray.parseInstruction(ILcom/android/dx/cf/code/BytecodeArray$Visitor;)I @ 1891
Event: 10857.022 Thread 0x000000001e289000 Uncommon trap: reason=bimorphic action=maybe_recompile pc=0x0000000005828824 method=com.android.dx.cf.code.BytecodeArray.parseInstruction(ILcom/android/dx/cf/code/BytecodeArray$Visitor;)I @ 1891
Event: 10857.122 Thread 0x000000001e28d800 Uncommon trap: reason=unstable_if action=reinterpret pc=0x000000000535923c method=com.android.dx.rop.code.RegisterSpecSet.<init>(I)V @ 2
Event: 10859.295 Thread 0x000000001e27f000 Uncommon trap: reason=bimorphic action=maybe_recompile pc=0x0000000003c865b4 method=java.util.concurrent.locks.AbstractQueuedSynchronizer.acquireQueued(Ljava/util/concurrent/locks/AbstractQueuedSynchronizer$Node;I)Z @ 22
Event: 10861.035 Thread 0x000000001e280000 Uncommon trap: reason=unstable_if action=reinterpret pc=0x0000000005539174 method=com.android.dx.rop.code.RegisterSpecSet.<init>(I)V @ 2

Internal exceptions (10 events):
Event: 10854.227 Thread 0x0000000019a0a000 Exception <a 'sun/nio/fs/WindowsException'> (0x00000000e311e1d0) thrown at [C:\re\workspace\8-2-build-windows-amd64-cygwin\jdk8u45\3627\hotspot\src\share\vm\prims\jni.cpp, line 709]
Event: 10854.382 Thread 0x0000000019a03000 Exception <a 'sun/nio/fs/WindowsException'> (0x00000000e5e84df0) thrown at [C:\re\workspace\8-2-build-windows-amd64-cygwin\jdk8u45\3627\hotspot\src\share\vm\prims\jni.cpp, line 709]
Event: 10854.437 Thread 0x0000000019a0d000 Exception <a 'sun/nio/fs/WindowsException'> (0x00000000e0fe1630) thrown at [C:\re\workspace\8-2-build-windows-amd64-cygwin\jdk8u45\3627\hotspot\src\share\vm\prims\jni.cpp, line 709]
Event: 10854.761 Thread 0x0000000019a0a000 Exception <a 'sun/nio/fs/WindowsException'> (0x00000000e3cafd70) thrown at [C:\re\workspace\8-2-build-windows-amd64-cygwin\jdk8u45\3627\hotspot\src\share\vm\prims\jni.cpp, line 709]
Event: 10854.983 Thread 0x0000000019a0d000 Exception <a 'sun/nio/fs/WindowsException'> (0x00000000e6cae480) thrown at [C:\re\workspace\8-2-build-windows-amd64-cygwin\jdk8u45\3627\hotspot\src\share\vm\prims\jni.cpp, line 709]
Event: 10855.141 Thread 0x0000000019a03000 Exception <a 'sun/nio/fs/WindowsException'> (0x00000000e74ca4f8) thrown at [C:\re\workspace\8-2-build-windows-amd64-cygwin\jdk8u45\3627\hotspot\src\share\vm\prims\jni.cpp, line 709]
Event: 10855.606 Thread 0x0000000019a0d000 Exception <a 'sun/nio/fs/WindowsException'> (0x00000000e556f600) thrown at [C:\re\workspace\8-2-build-windows-amd64-cygwin\jdk8u45\3627\hotspot\src\share\vm\prims\jni.cpp, line 709]
Event: 10855.755 Thread 0x0000000019a02800 Exception <a 'sun/nio/fs/WindowsException'> (0x00000000e7d112c8) thrown at [C:\re\workspace\8-2-build-windows-amd64-cygwin\jdk8u45\3627\hotspot\src\share\vm\prims\jni.cpp, line 709]
Event: 10861.115 Thread 0x0000000019a03000 Exception <a 'sun/nio/fs/WindowsException'> (0x00000000e2e84158) thrown at [C:\re\workspace\8-2-build-windows-amd64-cygwin\jdk8u45\3627\hotspot\src\share\vm\prims\jni.cpp, line 709]
Event: 10861.320 Thread 0x0000000019a0d000 Exception <a 'sun/nio/fs/WindowsException'> (0x00000000e49109b8) thrown at [C:\re\workspace\8-2-build-windows-amd64-cygwin\jdk8u45\3627\hotspot\src\share\vm\prims\jni.cpp, line 709]

Events (10 events):
Event: 10861.257 Thread 0x000000001e285000 DEOPT UNPACKING pc=0x000000000281787f sp=0x000000003183e810 mode 0
Event: 10861.259 Thread 0x000000001e285000 DEOPT PACKING pc=0x000000000577062e sp=0x000000003183e9b0
Event: 10861.259 Thread 0x000000001e285000 DEOPT UNPACKING pc=0x000000000281787f sp=0x000000003183e708 mode 0
Event: 10861.269 Thread 0x000000001e285000 DEOPT PACKING pc=0x00000000043e4b73 sp=0x000000003183ea80
Event: 10861.269 Thread 0x000000001e285000 DEOPT UNPACKING pc=0x000000000281787f sp=0x000000003183e7f8 mode 0
Event: 10861.270 Thread 0x000000001e285000 DEOPT PACKING pc=0x000000000577062e sp=0x000000003183e9b0
Event: 10861.270 Thread 0x000000001e285000 DEOPT UNPACKING pc=0x000000000281787f sp=0x000000003183e708 mode 0
Event: 10861.271 Thread 0x000000001e285000 DEOPT PACKING pc=0x00000000057966eb sp=0x000000003183ea90
Event: 10861.271 Thread 0x000000001e285000 DEOPT UNPACKING pc=0x000000000281787f sp=0x000000003183e810 mode 0
Event: 10861.277 Thread 0x000000001e280000 Thread exited: 0x000000001e280000


Dynamic libraries:
0x00007ff6764c0000 - 0x00007ff6764f7000 	C:\Program Files\Java\jdk1.8.0_45\bin\java.exe
0x00007ffb1bf30000 - 0x00007ffb1c10b000 	C:\WINDOWS\SYSTEM32\ntdll.dll
0x00007ffb12a70000 - 0x00007ffb12aa3000 	C:\Program Files\AVAST Software\Avast\x64\aswhooka.dll
0x00007ffb1bc10000 - 0x00007ffb1bcbe000 	C:\WINDOWS\System32\KERNEL32.DLL
0x00007ffb18450000 - 0x00007ffb18699000 	C:\WINDOWS\System32\KERNELBASE.dll
0x00007ffb19950000 - 0x00007ffb199f1000 	C:\WINDOWS\System32\ADVAPI32.dll
0x00007ffb1be50000 - 0x00007ffb1beed000 	C:\WINDOWS\System32\msvcrt.dll
0x00007ffb19ab0000 - 0x00007ffb19b09000 	C:\WINDOWS\System32\sechost.dll
0x00007ffb19d10000 - 0x00007ffb19e35000 	C:\WINDOWS\System32\RPCRT4.dll
0x00007ffb19490000 - 0x00007ffb195da000 	C:\WINDOWS\System32\USER32.dll
0x00007ffb18700000 - 0x00007ffb1871e000 	C:\WINDOWS\System32\win32u.dll
0x00007ffb19c20000 - 0x00007ffb19c47000 	C:\WINDOWS\System32\GDI32.dll
0x00007ffb19010000 - 0x00007ffb19198000 	C:\WINDOWS\System32\gdi32full.dll
0x00007ffb18f70000 - 0x00007ffb1900a000 	C:\WINDOWS\System32\msvcp_win.dll
0x00007ffb18720000 - 0x00007ffb18816000 	C:\WINDOWS\System32\ucrtbase.dll
0x00007ffb124f0000 - 0x00007ffb12757000 	C:\WINDOWS\WinSxS\amd64_microsoft.windows.common-controls_6595b64144ccf1df_6.0.15063.483_none_26002d27e7c744a2\COMCTL32.dll
0x00007ffb19650000 - 0x00007ffb19949000 	C:\WINDOWS\System32\combase.dll
0x00007ffb19420000 - 0x00007ffb1948a000 	C:\WINDOWS\System32\bcryptPrimitives.dll
0x00007ffb1bf00000 - 0x00007ffb1bf2d000 	C:\WINDOWS\System32\IMM32.DLL
0x000000006dce0000 - 0x000000006ddb2000 	C:\Program Files\Java\jdk1.8.0_45\jre\bin\msvcr100.dll
0x000000006c000000 - 0x000000006c883000 	C:\Program Files\Java\jdk1.8.0_45\jre\bin\server\jvm.dll
0x00007ffb1a230000 - 0x00007ffb1a238000 	C:\WINDOWS\System32\PSAPI.DLL
0x00007ffb07070000 - 0x00007ffb07079000 	C:\WINDOWS\SYSTEM32\WSOCK32.dll
0x00007ffb195e0000 - 0x00007ffb1964c000 	C:\WINDOWS\System32\WS2_32.dll
0x00007ffb16620000 - 0x00007ffb16643000 	C:\WINDOWS\SYSTEM32\WINMM.dll
0x00007ffb130b0000 - 0x00007ffb130ba000 	C:\WINDOWS\SYSTEM32\VERSION.dll
0x00007ffb162c0000 - 0x00007ffb162eb000 	C:\WINDOWS\SYSTEM32\WINMMBASE.dll
0x00007ffb18820000 - 0x00007ffb18869000 	C:\WINDOWS\System32\cfgmgr32.dll
0x000000006dcd0000 - 0x000000006dcdf000 	C:\Program Files\Java\jdk1.8.0_45\jre\bin\verify.dll
0x000000006bfd0000 - 0x000000006bff9000 	C:\Program Files\Java\jdk1.8.0_45\jre\bin\java.dll
0x000000006d8d0000 - 0x000000006d8e6000 	C:\Program Files\Java\jdk1.8.0_45\jre\bin\zip.dll
0x00007ffb1a240000 - 0x00007ffb1b676000 	C:\WINDOWS\System32\SHELL32.dll
0x00007ffb19a00000 - 0x00007ffb19aaa000 	C:\WINDOWS\System32\shcore.dll
0x00007ffb18870000 - 0x00007ffb18f63000 	C:\WINDOWS\System32\windows.storage.dll
0x00007ffb1bcc0000 - 0x00007ffb1bd11000 	C:\WINDOWS\System32\shlwapi.dll
0x00007ffb183f0000 - 0x00007ffb18401000 	C:\WINDOWS\System32\kernel.appcore.dll
0x00007ffb183a0000 - 0x00007ffb183ec000 	C:\WINDOWS\System32\powrprof.dll
0x00007ffb18410000 - 0x00007ffb18425000 	C:\WINDOWS\System32\profapi.dll
0x000000006d8b0000 - 0x000000006d8ca000 	C:\Program Files\Java\jdk1.8.0_45\jre\bin\net.dll
0x00007ffb17c50000 - 0x00007ffb17cac000 	C:\WINDOWS\system32\mswsock.dll
0x000000006bfb0000 - 0x000000006bfc1000 	C:\Program Files\Java\jdk1.8.0_45\jre\bin\nio.dll
0x00007ffb10750000 - 0x00007ffb1076e000 	C:\Users\user\.gradle\native\23\windows-amd64\native-platform.dll
0x00007ffb17e00000 - 0x00007ffb17e17000 	C:\WINDOWS\SYSTEM32\CRYPTSP.dll
0x00007ffb17870000 - 0x00007ffb178a4000 	C:\WINDOWS\system32\rsaenh.dll
0x00007ffb182e0000 - 0x00007ffb18305000 	C:\WINDOWS\SYSTEM32\bcrypt.dll
0x00007ffb182a0000 - 0x00007ffb182c9000 	C:\WINDOWS\SYSTEM32\USERENV.dll
0x00007ffb17df0000 - 0x00007ffb17dfb000 	C:\WINDOWS\SYSTEM32\CRYPTBASE.dll
0x00007ffb179f0000 - 0x00007ffb17a27000 	C:\WINDOWS\SYSTEM32\IPHLPAPI.DLL
0x00007ffb1be40000 - 0x00007ffb1be48000 	C:\WINDOWS\System32\NSI.dll
0x00007ffb124d0000 - 0x00007ffb124e6000 	C:\WINDOWS\SYSTEM32\dhcpcsvc6.DLL
0x00007ffb12140000 - 0x00007ffb1215a000 	C:\WINDOWS\SYSTEM32\dhcpcsvc.DLL
0x000000006d8a0000 - 0x000000006d8ad000 	C:\Program Files\Java\jdk1.8.0_45\jre\bin\management.dll
0x00007ffb17580000 - 0x00007ffb175b1000 	C:\WINDOWS\SYSTEM32\ntmarta.dll
0x00007ffb06800000 - 0x00007ffb069a9000 	C:\WINDOWS\SYSTEM32\dbghelp.dll

VM Arguments:
jvm_args: -Xmx1536m -Dfile.encoding=windows-1253 -Duser.country=GR -Duser.language=el -Duser.variant 
java_command: org.gradle.launcher.daemon.bootstrap.GradleDaemon 3.3
java_class_path (initial): C:\Users\user\.gradle\wrapper\dists\gradle-3.3-all\55gk2rcmfc6p2dg9u9ohc3hw9\gradle-3.3\lib\gradle-launcher-3.3.jar
Launcher Type: SUN_STANDARD

Environment Variables:
JAVA_HOME=C:\Program Files\Java\jdk1.8.0_45
PATH=C:\ProgramData\Oracle\Java\javapath;C:\Program Files (x86)\NVIDIA Corporation\PhysX\Common;C:\Program Files (x86)\Intel\iCLS Client\;C:\Program Files\Intel\iCLS Client\;C:\WINDOWS\system32;C:\WINDOWS;C:\WINDOWS\System32\Wbem;C:\WINDOWS\System32\WindowsPowerShell\v1.0\;C:\Program Files (x86)\Windows Live\Shared;C:\Program Files\Intel\Intel(R) Management Engine Components\DAL;C:\Program Files\Intel\Intel(R) Management Engine Components\IPT;C:\Program Files (x86)\Intel\Intel(R) Management Engine Components\DAL;C:\Program Files (x86)\Intel\Intel(R) Management Engine Components\IPT;C:\Program Files (x86)\Windows Kits\8.1\Windows Performance Toolkit\;C:\Program Files\Microsoft SQL Server\110\Tools\Binn\;C:\Program Files\Git\cmd;C:\Program Files (x86)\Skype\Phone\;C:\Program Files (x86)\PuTTY\;C:\Program Files\Microsoft\Web Platform Installer\;C:\Users\user\AppData\Local\Microsoft\WindowsApps;
USERNAME=user
OS=Windows_NT
PROCESSOR_IDENTIFIER=Intel64 Family 6 Model 69 Stepping 1, GenuineIntel



---------------  S Y S T E M  ---------------

OS: Windows 10.0 , 64 bit Build 15063 (10.0.15063.296)

CPU:total 4 (2 cores per cpu, 2 threads per core) family 6 model 69 stepping 1, cmov, cx8, fxsr, mmx, sse, sse2, sse3, ssse3, sse4.1, sse4.2, popcnt, avx, avx2, aes, clmul, erms, lzcnt, ht, tsc, tscinvbit, bmi1, bmi2

Memory: 4k page, physical 4122776k(450724k free), swap 5555352k(401992k free)

vm_info: Java HotSpot(TM) 64-Bit Server VM (25.45-b02) for windows-amd64 JRE (1.8.0_45-b15), built on Apr 30 2015 12:40:44 by "java_re" with MS VC++ 10.0 (VS2010)

time: Mon Oct 09 16:31:08 2017
elapsed time: 10864 seconds (0d 3h 1m 4s)

